<?xml version="1.0" encoding="UTF-8"?>
<!-- Generated by org.testng.reporters.JUnitXMLReporter -->
<testsuite ignored="0" hostname="DESKTOP-48QKQ3S" failures="0" tests="11" name="Test" time="1.813" errors="0" timestamp="2024-07-28T20:30:02 IST">
  <testcase classname="com.newgen.base.TestBase" name="@BeforeClass initializeTestBaseSetup" time="-1.722178800943E9">
    <failure type="org.testng.TestNGException" message="
Parameter &amp;apos;browserType&amp;apos; is required by BeforeClass on method initializeTestBaseSetup but has not been marked @Optional or defined
in C:\Users\Sharad\eclipse-workspace\MyExtentExample\testng2.xml">
      <![CDATA[org.testng.TestNGException: 
Parameter 'browserType' is required by BeforeClass on method initializeTestBaseSetup but has not been marked @Optional or defined
in C:\Users\Sharad\eclipse-workspace\MyExtentExample\testng2.xml
at java.base/java.util.ArrayList.forEach(ArrayList.java:1511)
... Removed 22 stack frames]]>
    </failure>
  </testcase> <!-- @BeforeClass initializeTestBaseSetup -->
  <testcase classname="com.newgen.tests.BasePageTest" name="@BeforeClass setUp" time="0.0">
    <skipped/>
  </testcase> <!-- @BeforeClass setUp -->
  <testcase classname="com.newgen.base.TestBase" name="@AfterClass tearDown" time="0.0">
    <skipped/>
  </testcase> <!-- @AfterClass tearDown -->
  <testcase classname="com.newgen.base.TestBase" name="@BeforeClass initializeTestBaseSetup" time="-1.722178801529E9">
    <failure type="org.testng.TestNGException" message="
Parameter &amp;apos;browserType&amp;apos; is required by BeforeClass on method initializeTestBaseSetup but has not been marked @Optional or defined
in C:\Users\Sharad\eclipse-workspace\MyExtentExample\testng2.xml">
      <![CDATA[org.testng.TestNGException: 
Parameter 'browserType' is required by BeforeClass on method initializeTestBaseSetup but has not been marked @Optional or defined
in C:\Users\Sharad\eclipse-workspace\MyExtentExample\testng2.xml
at java.base/java.util.ArrayList.forEach(ArrayList.java:1511)
... Removed 22 stack frames]]>
    </failure>
  </testcase> <!-- @BeforeClass initializeTestBaseSetup -->
  <testcase classname="com.newgen.tests.SignInPageTest" name="@BeforeClass setUp" time="0.0">
    <skipped/>
  </testcase> <!-- @BeforeClass setUp -->
  <testcase classname="com.newgen.base.TestBase" name="@AfterClass tearDown" time="0.0">
    <skipped/>
  </testcase> <!-- @AfterClass tearDown -->
  <testcase classname="com.newgen.base.TestBase" name="@BeforeClass initializeTestBaseSetup" time="-1.722178802175E9">
    <failure type="org.testng.TestNGException" message="
Parameter &amp;apos;browserType&amp;apos; is required by BeforeClass on method initializeTestBaseSetup but has not been marked @Optional or defined
in C:\Users\Sharad\eclipse-workspace\MyExtentExample\testng2.xml">
      <![CDATA[org.testng.TestNGException: 
Parameter 'browserType' is required by BeforeClass on method initializeTestBaseSetup but has not been marked @Optional or defined
in C:\Users\Sharad\eclipse-workspace\MyExtentExample\testng2.xml
at java.base/java.util.ArrayList.forEach(ArrayList.java:1511)
... Removed 22 stack frames]]>
    </failure>
  </testcase> <!-- @BeforeClass initializeTestBaseSetup -->
  <testcase classname="com.newgen.tests.CreateAccountTest" name="@BeforeClass setUp" time="0.0">
    <skipped/>
  </testcase> <!-- @BeforeClass setUp -->
  <testcase classname="com.newgen.base.TestBase" name="@AfterClass tearDown" time="0.0">
    <skipped/>
  </testcase> <!-- @AfterClass tearDown -->
  <testcase classname="com.newgen.tests.BasePageTest" name="baseTest1" time="0.001">
    <skipped/>
  </testcase> <!-- baseTest1 -->
  <testcase classname="com.newgen.tests.BasePageTest" name="baseTest2" time="0.001">
    <skipped/>
  </testcase> <!-- baseTest2 -->
  <testcase classname="com.newgen.tests.BasePageTest" name="baseTest3" time="0.001">
    <skipped/>
  </testcase> <!-- baseTest3 -->
  <testcase classname="com.newgen.tests.BasePageTest" name="verifyHomePage" time="0.0">
    <skipped/>
  </testcase> <!-- verifyHomePage -->
  <testcase classname="com.newgen.tests.SignInPageTest" name="SignInPageTestOne" time="0.007">
    <skipped/>
  </testcase> <!-- SignInPageTestOne -->
  <testcase classname="com.newgen.tests.SignInPageTest" name="SignInPageTestThree" time="0.003">
    <skipped/>
  </testcase> <!-- SignInPageTestThree -->
  <testcase classname="com.newgen.tests.SignInPageTest" name="SignInPageTestTwo" time="0.004">
    <skipped/>
  </testcase> <!-- SignInPageTestTwo -->
  <testcase classname="com.newgen.tests.SignInPageTest" name="verifySignInFunction" time="0.0">
    <skipped/>
  </testcase> <!-- verifySignInFunction -->
  <testcase classname="com.newgen.tests.CreateAccountTest" name="createAccountExample1" time="0.021">
    <skipped/>
  </testcase> <!-- createAccountExample1 -->
  <testcase classname="com.newgen.tests.CreateAccountTest" name="createAccountExample2" time="0.001">
    <skipped/>
  </testcase> <!-- createAccountExample2 -->
  <testcase classname="com.newgen.tests.CreateAccountTest" name="verifyCreateAnAccountPage" time="0.001">
    <skipped/>
  </testcase> <!-- verifyCreateAnAccountPage -->
</testsuite> <!-- Test -->
